<?xml version="1.0" encoding="UTF-8"?>
<testng-results ignored="0" total="3" passed="3" failed="0" skipped="0">
  <reporter-output>
  </reporter-output>
  <suite started-at="2021-01-20T12:30:38 IST" name="InternetBanking" finished-at="2021-01-20T12:31:46 IST" duration-ms="68172">
    <groups>
    </groups>
    <test started-at="2021-01-20T12:30:38 IST" name="BankingApp Test" finished-at="2021-01-20T12:31:46 IST" duration-ms="68172">
      <class name="com.internetbanking.testcases.TC_EditCustomer_004">
        <test-method is-config="true" signature="setup(java.lang.String)[pri:0, instance:com.internetbanking.testcases.TC_EditCustomer_004@693fe6c9]" started-at="2021-01-20T12:31:22 IST" name="setup" finished-at="2021-01-20T12:31:31 IST" duration-ms="9086" status="PASS">
          <params>
            <param index="0">
              <value>
                <![CDATA[chrome]]>
              </value>
            </param>
          </params>
          <reporter-output>
          </reporter-output>
        </test-method> <!-- setup -->
        <test-method signature="editcustomerinfo()[pri:0, instance:com.internetbanking.testcases.TC_EditCustomer_004@693fe6c9]" started-at="2021-01-20T12:31:31 IST" name="editcustomerinfo" finished-at="2021-01-20T12:31:45 IST" duration-ms="14039" status="PASS">
          <reporter-output>
          </reporter-output>
        </test-method> <!-- editcustomerinfo -->
        <test-method is-config="true" signature="tearDown()[pri:0, instance:com.internetbanking.testcases.TC_EditCustomer_004@693fe6c9]" started-at="2021-01-20T12:31:45 IST" name="tearDown" finished-at="2021-01-20T12:31:46 IST" duration-ms="677" status="PASS">
          <reporter-output>
          </reporter-output>
        </test-method> <!-- tearDown -->
      </class> <!-- com.internetbanking.testcases.TC_EditCustomer_004 -->
      <class name="com.internetbanking.testcases.TC_AddNewCustomer_003">
        <test-method is-config="true" signature="setup(java.lang.String)[pri:0, instance:com.internetbanking.testcases.TC_AddNewCustomer_003@649bec2e]" started-at="2021-01-20T12:30:59 IST" name="setup" finished-at="2021-01-20T12:31:07 IST" duration-ms="8273" status="PASS">
          <params>
            <param index="0">
              <value>
                <![CDATA[chrome]]>
              </value>
            </param>
          </params>
          <reporter-output>
          </reporter-output>
        </test-method> <!-- setup -->
        <test-method signature="addNewCustomer()[pri:0, instance:com.internetbanking.testcases.TC_AddNewCustomer_003@649bec2e]" started-at="2021-01-20T12:31:07 IST" name="addNewCustomer" finished-at="2021-01-20T12:31:21 IST" duration-ms="13575" status="PASS">
          <reporter-output>
          </reporter-output>
        </test-method> <!-- addNewCustomer -->
        <test-method is-config="true" signature="tearDown()[pri:0, instance:com.internetbanking.testcases.TC_AddNewCustomer_003@649bec2e]" started-at="2021-01-20T12:31:21 IST" name="tearDown" finished-at="2021-01-20T12:31:22 IST" duration-ms="1476" status="PASS">
          <reporter-output>
          </reporter-output>
        </test-method> <!-- tearDown -->
      </class> <!-- com.internetbanking.testcases.TC_AddNewCustomer_003 -->
      <class name="com.internetbanking.testcases.TC_LoginTest_001">
        <test-method is-config="true" signature="setup(java.lang.String)[pri:0, instance:com.internetbanking.testcases.TC_LoginTest_001@4e096385]" started-at="2021-01-20T12:30:38 IST" name="setup" finished-at="2021-01-20T12:30:46 IST" duration-ms="8416" status="PASS">
          <params>
            <param index="0">
              <value>
                <![CDATA[chrome]]>
              </value>
            </param>
          </params>
          <reporter-output>
          </reporter-output>
        </test-method> <!-- setup -->
        <test-method signature="loginTest()[pri:0, instance:com.internetbanking.testcases.TC_LoginTest_001@4e096385]" started-at="2021-01-20T12:30:46 IST" name="loginTest" finished-at="2021-01-20T12:30:58 IST" duration-ms="11735" status="PASS">
          <reporter-output>
          </reporter-output>
        </test-method> <!-- loginTest -->
        <test-method is-config="true" signature="tearDown()[pri:0, instance:com.internetbanking.testcases.TC_LoginTest_001@4e096385]" started-at="2021-01-20T12:30:58 IST" name="tearDown" finished-at="2021-01-20T12:30:59 IST" duration-ms="709" status="PASS">
          <reporter-output>
          </reporter-output>
        </test-method> <!-- tearDown -->
      </class> <!-- com.internetbanking.testcases.TC_LoginTest_001 -->
    </test> <!-- BankingApp Test -->
  </suite> <!-- InternetBanking -->
</testng-results>
