<?xml version="1.0" encoding="UTF-8"?>
<!-- Generated by org.testng.reporters.JUnitXMLReporter -->
<testsuite hostname="LAPTOP-FPSA8RRF" ignored="0" name="BankingApp Test" tests="2" failures="0" timestamp="2021-01-19T17:37:54 IST" time="38.909" errors="0">
  <testcase name="loginTest" time="7.877" classname="com.internetbanking.testcases.TC_LoginTest_001"/>
  <testcase name="addNewCustomer" time="12.652" classname="com.internetbanking.testcases.TC_AddNewCustomer_003"/>
</testsuite> <!-- BankingApp Test -->
