<?xml version="1.0" encoding="UTF-8"?>
<!-- Generated by org.testng.reporters.JUnitXMLReporter -->
<testsuite ignored="0" hostname="LAPTOP-FPSA8RRF" failures="0" tests="3" name="BankingApp Test" time="68.172" errors="0" timestamp="2021-01-20T12:31:46 IST">
  <testcase classname="com.internetbanking.testcases.TC_LoginTest_001" name="loginTest" time="11.735"/>
  <testcase classname="com.internetbanking.testcases.TC_AddNewCustomer_003" name="addNewCustomer" time="13.575"/>
  <testcase classname="com.internetbanking.testcases.TC_EditCustomer_004" name="editcustomerinfo" time="14.039"/>
</testsuite> <!-- BankingApp Test -->
